[0.008s] Invoking command in '/home/carmelo/Documenti/gesture-driven-robot/build/gesture_robot': CMAKE_PREFIX_PATH=/home/carmelo/Documenti/gesture-driven-robot/robot_module/ros2_ws/install/gesture_robot:/opt/ros/humble:/home/carmelo/catkin_ws/devel /usr/bin/cmake /home/carmelo/Documenti/gesture-driven-robot/robot_module/ros2_ws/src/gesture_robot -DCMAKE_INSTALL_PREFIX=/home/carmelo/Documenti/gesture-driven-robot/install/gesture_robot
[0.072s] -- The C compiler identification is GNU 11.4.0
[0.136s] -- The CXX compiler identification is GNU 11.4.0
[0.145s] -- Detecting C compiler ABI info
[0.228s] -- Detecting C compiler ABI info - done
[0.236s] -- Check for working C compiler: /usr/bin/cc - skipped
[0.237s] -- Detecting C compile features
[0.237s] -- Detecting C compile features - done
[0.241s] -- Detecting CXX compiler ABI info
[0.336s] -- Detecting CXX compiler ABI info - done
[0.346s] -- Check for working CXX compiler: /usr/bin/c++ - skipped
[0.346s] -- Detecting CXX compile features
[0.347s] -- Detecting CXX compile features - done
[0.349s] -- Found ament_cmake: 1.3.14 (/opt/ros/humble/share/ament_cmake/cmake)
[0.516s] -- Found Python3: /usr/bin/python3 (found version "3.10.12") found components: Interpreter 
[0.605s] -- Found rclpy: 3.3.21 (/opt/ros/humble/share/rclpy/cmake)
[0.606s] -- Found geometry_msgs: 4.9.1 (/opt/ros/humble/share/geometry_msgs/cmake)
[0.643s] -- Found rosidl_generator_c: 3.1.8 (/opt/ros/humble/share/rosidl_generator_c/cmake)
[0.648s] -- Found rosidl_adapter: 3.1.8 (/opt/ros/humble/share/rosidl_adapter/cmake)
[0.656s] -- Found rosidl_generator_cpp: 3.1.8 (/opt/ros/humble/share/rosidl_generator_cpp/cmake)
[0.668s] -- Using all available rosidl_typesupport_c: rosidl_typesupport_fastrtps_c;rosidl_typesupport_introspection_c
[0.683s] -- Using all available rosidl_typesupport_cpp: rosidl_typesupport_fastrtps_cpp;rosidl_typesupport_introspection_cpp
[0.722s] -- Found ament_lint_auto: 0.12.15 (/opt/ros/humble/share/ament_lint_auto/cmake)
[0.803s] -- Added test 'copyright' to check source files copyright and LICENSE
[0.806s] -- Added test 'flake8' to check Python code syntax and style conventions
[0.806s] -- Added test 'lint_cmake' to check CMake code style
[0.807s] -- Added test 'pep257' to check Python code against some of the docstring style conventions in PEP 257
[0.808s] -- Added test 'xmllint' to check XML markup files
[0.810s] -- Configuring done
[0.815s] -- Generating done
[0.817s] -- Build files have been written to: /home/carmelo/Documenti/gesture-driven-robot/build/gesture_robot
[0.824s] Invoked command in '/home/carmelo/Documenti/gesture-driven-robot/build/gesture_robot' returned '0': CMAKE_PREFIX_PATH=/home/carmelo/Documenti/gesture-driven-robot/robot_module/ros2_ws/install/gesture_robot:/opt/ros/humble:/home/carmelo/catkin_ws/devel /usr/bin/cmake /home/carmelo/Documenti/gesture-driven-robot/robot_module/ros2_ws/src/gesture_robot -DCMAKE_INSTALL_PREFIX=/home/carmelo/Documenti/gesture-driven-robot/install/gesture_robot
[0.827s] Invoking command in '/home/carmelo/Documenti/gesture-driven-robot/build/gesture_robot': CMAKE_PREFIX_PATH=/home/carmelo/Documenti/gesture-driven-robot/robot_module/ros2_ws/install/gesture_robot:/opt/ros/humble:/home/carmelo/catkin_ws/devel /usr/bin/cmake --build /home/carmelo/Documenti/gesture-driven-robot/build/gesture_robot -- -j8 -l8
[0.875s] Invoked command in '/home/carmelo/Documenti/gesture-driven-robot/build/gesture_robot' returned '0': CMAKE_PREFIX_PATH=/home/carmelo/Documenti/gesture-driven-robot/robot_module/ros2_ws/install/gesture_robot:/opt/ros/humble:/home/carmelo/catkin_ws/devel /usr/bin/cmake --build /home/carmelo/Documenti/gesture-driven-robot/build/gesture_robot -- -j8 -l8
[0.889s] Invoking command in '/home/carmelo/Documenti/gesture-driven-robot/build/gesture_robot': CMAKE_PREFIX_PATH=/home/carmelo/Documenti/gesture-driven-robot/robot_module/ros2_ws/install/gesture_robot:/opt/ros/humble:/home/carmelo/catkin_ws/devel /usr/bin/cmake --install /home/carmelo/Documenti/gesture-driven-robot/build/gesture_robot
[0.899s] -- Install configuration: ""
[0.899s] -- Installing: /home/carmelo/Documenti/gesture-driven-robot/install/gesture_robot/lib/gesture_robot/command_bridge.py
[0.899s] -- Installing: /home/carmelo/Documenti/gesture-driven-robot/install/gesture_robot/share/gesture_robot/launch
[0.899s] -- Installing: /home/carmelo/Documenti/gesture-driven-robot/install/gesture_robot/share/gesture_robot/launch/simulation.launch.py
[0.899s] -- Installing: /home/carmelo/Documenti/gesture-driven-robot/install/gesture_robot/share/gesture_robot/urdf
[0.900s] -- Installing: /home/carmelo/Documenti/gesture-driven-robot/install/gesture_robot/share/gesture_robot/urdf/robot.urdf.xacro
[0.900s] -- Installing: /home/carmelo/Documenti/gesture-driven-robot/install/gesture_robot/share/gesture_robot/worlds
[0.900s] -- Installing: /home/carmelo/Documenti/gesture-driven-robot/install/gesture_robot/share/gesture_robot/worlds/simple_world.sdf
[0.900s] -- Installing: /home/carmelo/Documenti/gesture-driven-robot/install/gesture_robot/share/ament_index/resource_index/package_run_dependencies/gesture_robot
[0.900s] -- Installing: /home/carmelo/Documenti/gesture-driven-robot/install/gesture_robot/share/ament_index/resource_index/parent_prefix_path/gesture_robot
[0.901s] -- Installing: /home/carmelo/Documenti/gesture-driven-robot/install/gesture_robot/share/gesture_robot/environment/ament_prefix_path.sh
[0.901s] -- Installing: /home/carmelo/Documenti/gesture-driven-robot/install/gesture_robot/share/gesture_robot/environment/ament_prefix_path.dsv
[0.901s] -- Installing: /home/carmelo/Documenti/gesture-driven-robot/install/gesture_robot/share/gesture_robot/environment/path.sh
[0.901s] -- Installing: /home/carmelo/Documenti/gesture-driven-robot/install/gesture_robot/share/gesture_robot/environment/path.dsv
[0.901s] -- Installing: /home/carmelo/Documenti/gesture-driven-robot/install/gesture_robot/share/gesture_robot/local_setup.bash
[0.901s] -- Installing: /home/carmelo/Documenti/gesture-driven-robot/install/gesture_robot/share/gesture_robot/local_setup.sh
[0.901s] -- Installing: /home/carmelo/Documenti/gesture-driven-robot/install/gesture_robot/share/gesture_robot/local_setup.zsh
[0.902s] -- Installing: /home/carmelo/Documenti/gesture-driven-robot/install/gesture_robot/share/gesture_robot/local_setup.dsv
[0.902s] -- Installing: /home/carmelo/Documenti/gesture-driven-robot/install/gesture_robot/share/gesture_robot/package.dsv
[0.902s] -- Installing: /home/carmelo/Documenti/gesture-driven-robot/install/gesture_robot/share/ament_index/resource_index/packages/gesture_robot
[0.902s] -- Installing: /home/carmelo/Documenti/gesture-driven-robot/install/gesture_robot/share/gesture_robot/cmake/gesture_robotConfig.cmake
[0.902s] -- Installing: /home/carmelo/Documenti/gesture-driven-robot/install/gesture_robot/share/gesture_robot/cmake/gesture_robotConfig-version.cmake
[0.903s] -- Installing: /home/carmelo/Documenti/gesture-driven-robot/install/gesture_robot/share/gesture_robot/package.xml
[0.905s] Invoked command in '/home/carmelo/Documenti/gesture-driven-robot/build/gesture_robot' returned '0': CMAKE_PREFIX_PATH=/home/carmelo/Documenti/gesture-driven-robot/robot_module/ros2_ws/install/gesture_robot:/opt/ros/humble:/home/carmelo/catkin_ws/devel /usr/bin/cmake --install /home/carmelo/Documenti/gesture-driven-robot/build/gesture_robot
