[0.117s] DEBUG:colcon:Command line arguments: ['/usr/bin/colcon', 'build']
[0.117s] DEBUG:colcon:Parsed command line arguments: Namespace(log_base=None, log_level=None, verb_name='build', build_base='build', install_base='install', merge_install=False, symlink_install=False, test_result_base=None, continue_on_error=False, executor='parallel', parallel_workers=8, event_handlers=None, ignore_user_meta=False, metas=['./colcon.meta'], base_paths=['.'], packages_ignore=None, packages_ignore_regex=None, paths=None, packages_up_to=None, packages_up_to_regex=None, packages_above=None, packages_above_and_dependencies=None, packages_above_depth=None, packages_select_by_dep=None, packages_skip_by_dep=None, packages_skip_up_to=None, packages_select_build_failed=False, packages_skip_build_finished=False, packages_select_test_failures=False, packages_skip_test_passed=False, packages_select=None, packages_skip=None, packages_select_regex=None, packages_skip_regex=None, packages_start=None, packages_end=None, allow_overriding=[], cmake_args=None, cmake_target=None, cmake_target_skip_unavailable=False, cmake_clean_cache=False, cmake_clean_first=False, cmake_force_configure=False, ament_cmake_args=None, catkin_cmake_args=None, catkin_skip_building_tests=False, mixin_files=None, mixin=None, verb_parser=<colcon_mixin.mixin.mixin_argument.MixinArgumentDecorator object at 0x72907f15d9f0>, verb_extension=<colcon_core.verb.build.BuildVerb object at 0x72907f15d420>, main=<bound method BuildVerb.main of <colcon_core.verb.build.BuildVerb object at 0x72907f15d420>>, mixin_verb=('build',))
[0.298s] Level 1:colcon.colcon_core.package_discovery:discover_packages(colcon_meta) check parameters
[0.298s] Level 1:colcon.colcon_core.package_discovery:discover_packages(recursive) check parameters
[0.298s] Level 1:colcon.colcon_core.package_discovery:discover_packages(ignore) check parameters
[0.298s] Level 1:colcon.colcon_core.package_discovery:discover_packages(path) check parameters
[0.298s] Level 1:colcon.colcon_core.package_discovery:discover_packages(colcon_meta) discover
[0.298s] Level 1:colcon.colcon_core.package_discovery:discover_packages(recursive) discover
[0.298s] INFO:colcon.colcon_core.package_discovery:Crawling recursively for packages in '/home/carmelo/Documenti/gesture-driven-robot'
[0.298s] Level 1:colcon.colcon_core.package_identification:_identify(.) by extensions ['ignore', 'ignore_ament_install']
[0.298s] Level 1:colcon.colcon_core.package_identification:_identify(.) by extension 'ignore'
[0.299s] Level 1:colcon.colcon_core.package_identification:_identify(.) by extension 'ignore_ament_install'
[0.299s] Level 1:colcon.colcon_core.package_identification:_identify(.) by extensions ['colcon_pkg']
[0.299s] Level 1:colcon.colcon_core.package_identification:_identify(.) by extension 'colcon_pkg'
[0.299s] Level 1:colcon.colcon_core.package_identification:_identify(.) by extensions ['colcon_meta']
[0.299s] Level 1:colcon.colcon_core.package_identification:_identify(.) by extension 'colcon_meta'
[0.299s] Level 1:colcon.colcon_core.package_identification:_identify(.) by extensions ['ros']
[0.299s] Level 1:colcon.colcon_core.package_identification:_identify(.) by extension 'ros'
[0.309s] Level 1:colcon.colcon_core.package_identification:_identify(.) by extensions ['cmake', 'python']
[0.309s] Level 1:colcon.colcon_core.package_identification:_identify(.) by extension 'cmake'
[0.309s] Level 1:colcon.colcon_core.package_identification:_identify(.) by extension 'python'
[0.309s] Level 1:colcon.colcon_core.package_identification:_identify(.) by extensions ['python_setup_py']
[0.309s] Level 1:colcon.colcon_core.package_identification:_identify(.) by extension 'python_setup_py'
[0.309s] Level 1:colcon.colcon_core.package_identification:_identify(build) by extensions ['ignore', 'ignore_ament_install']
[0.310s] Level 1:colcon.colcon_core.package_identification:_identify(build) by extension 'ignore'
[0.310s] Level 1:colcon.colcon_core.package_identification:_identify(build) ignored
[0.310s] Level 1:colcon.colcon_core.package_identification:_identify(gesture_module) by extensions ['ignore', 'ignore_ament_install']
[0.310s] Level 1:colcon.colcon_core.package_identification:_identify(gesture_module) by extension 'ignore'
[0.310s] Level 1:colcon.colcon_core.package_identification:_identify(gesture_module) by extension 'ignore_ament_install'
[0.310s] Level 1:colcon.colcon_core.package_identification:_identify(gesture_module) by extensions ['colcon_pkg']
[0.310s] Level 1:colcon.colcon_core.package_identification:_identify(gesture_module) by extension 'colcon_pkg'
[0.310s] Level 1:colcon.colcon_core.package_identification:_identify(gesture_module) by extensions ['colcon_meta']
[0.310s] Level 1:colcon.colcon_core.package_identification:_identify(gesture_module) by extension 'colcon_meta'
[0.310s] Level 1:colcon.colcon_core.package_identification:_identify(gesture_module) by extensions ['ros']
[0.310s] Level 1:colcon.colcon_core.package_identification:_identify(gesture_module) by extension 'ros'
[0.310s] Level 1:colcon.colcon_core.package_identification:_identify(gesture_module) by extensions ['cmake', 'python']
[0.310s] Level 1:colcon.colcon_core.package_identification:_identify(gesture_module) by extension 'cmake'
[0.310s] Level 1:colcon.colcon_core.package_identification:_identify(gesture_module) by extension 'python'
[0.310s] Level 1:colcon.colcon_core.package_identification:_identify(gesture_module) by extensions ['python_setup_py']
[0.310s] Level 1:colcon.colcon_core.package_identification:_identify(gesture_module) by extension 'python_setup_py'
[0.310s] Level 1:colcon.colcon_core.package_identification:_identify(gesture_module/__pycache__) by extensions ['ignore', 'ignore_ament_install']
[0.310s] Level 1:colcon.colcon_core.package_identification:_identify(gesture_module/__pycache__) by extension 'ignore'
[0.310s] Level 1:colcon.colcon_core.package_identification:_identify(gesture_module/__pycache__) by extension 'ignore_ament_install'
[0.311s] Level 1:colcon.colcon_core.package_identification:_identify(gesture_module/__pycache__) by extensions ['colcon_pkg']
[0.311s] Level 1:colcon.colcon_core.package_identification:_identify(gesture_module/__pycache__) by extension 'colcon_pkg'
[0.311s] Level 1:colcon.colcon_core.package_identification:_identify(gesture_module/__pycache__) by extensions ['colcon_meta']
[0.311s] Level 1:colcon.colcon_core.package_identification:_identify(gesture_module/__pycache__) by extension 'colcon_meta'
[0.311s] Level 1:colcon.colcon_core.package_identification:_identify(gesture_module/__pycache__) by extensions ['ros']
[0.311s] Level 1:colcon.colcon_core.package_identification:_identify(gesture_module/__pycache__) by extension 'ros'
[0.311s] Level 1:colcon.colcon_core.package_identification:_identify(gesture_module/__pycache__) by extensions ['cmake', 'python']
[0.311s] Level 1:colcon.colcon_core.package_identification:_identify(gesture_module/__pycache__) by extension 'cmake'
[0.311s] Level 1:colcon.colcon_core.package_identification:_identify(gesture_module/__pycache__) by extension 'python'
[0.311s] Level 1:colcon.colcon_core.package_identification:_identify(gesture_module/__pycache__) by extensions ['python_setup_py']
[0.311s] Level 1:colcon.colcon_core.package_identification:_identify(gesture_module/__pycache__) by extension 'python_setup_py'
[0.311s] Level 1:colcon.colcon_core.package_identification:_identify(install) by extensions ['ignore', 'ignore_ament_install']
[0.311s] Level 1:colcon.colcon_core.package_identification:_identify(install) by extension 'ignore'
[0.311s] Level 1:colcon.colcon_core.package_identification:_identify(install) ignored
[0.311s] Level 1:colcon.colcon_core.package_identification:_identify(log) by extensions ['ignore', 'ignore_ament_install']
[0.311s] Level 1:colcon.colcon_core.package_identification:_identify(log) by extension 'ignore'
[0.311s] Level 1:colcon.colcon_core.package_identification:_identify(log) ignored
[0.311s] Level 1:colcon.colcon_core.package_identification:_identify(robot_module) by extensions ['ignore', 'ignore_ament_install']
[0.311s] Level 1:colcon.colcon_core.package_identification:_identify(robot_module) by extension 'ignore'
[0.311s] Level 1:colcon.colcon_core.package_identification:_identify(robot_module) by extension 'ignore_ament_install'
[0.312s] Level 1:colcon.colcon_core.package_identification:_identify(robot_module) by extensions ['colcon_pkg']
[0.312s] Level 1:colcon.colcon_core.package_identification:_identify(robot_module) by extension 'colcon_pkg'
[0.312s] Level 1:colcon.colcon_core.package_identification:_identify(robot_module) by extensions ['colcon_meta']
[0.312s] Level 1:colcon.colcon_core.package_identification:_identify(robot_module) by extension 'colcon_meta'
[0.312s] Level 1:colcon.colcon_core.package_identification:_identify(robot_module) by extensions ['ros']
[0.312s] Level 1:colcon.colcon_core.package_identification:_identify(robot_module) by extension 'ros'
[0.312s] Level 1:colcon.colcon_core.package_identification:_identify(robot_module) by extensions ['cmake', 'python']
[0.312s] Level 1:colcon.colcon_core.package_identification:_identify(robot_module) by extension 'cmake'
[0.312s] Level 1:colcon.colcon_core.package_identification:_identify(robot_module) by extension 'python'
[0.312s] Level 1:colcon.colcon_core.package_identification:_identify(robot_module) by extensions ['python_setup_py']
[0.312s] Level 1:colcon.colcon_core.package_identification:_identify(robot_module) by extension 'python_setup_py'
[0.312s] Level 1:colcon.colcon_core.package_identification:_identify(robot_module/ros2_ws) by extensions ['ignore', 'ignore_ament_install']
[0.312s] Level 1:colcon.colcon_core.package_identification:_identify(robot_module/ros2_ws) by extension 'ignore'
[0.312s] Level 1:colcon.colcon_core.package_identification:_identify(robot_module/ros2_ws) by extension 'ignore_ament_install'
[0.312s] Level 1:colcon.colcon_core.package_identification:_identify(robot_module/ros2_ws) by extensions ['colcon_pkg']
[0.312s] Level 1:colcon.colcon_core.package_identification:_identify(robot_module/ros2_ws) by extension 'colcon_pkg'
[0.312s] Level 1:colcon.colcon_core.package_identification:_identify(robot_module/ros2_ws) by extensions ['colcon_meta']
[0.312s] Level 1:colcon.colcon_core.package_identification:_identify(robot_module/ros2_ws) by extension 'colcon_meta'
[0.312s] Level 1:colcon.colcon_core.package_identification:_identify(robot_module/ros2_ws) by extensions ['ros']
[0.312s] Level 1:colcon.colcon_core.package_identification:_identify(robot_module/ros2_ws) by extension 'ros'
[0.312s] Level 1:colcon.colcon_core.package_identification:_identify(robot_module/ros2_ws) by extensions ['cmake', 'python']
[0.312s] Level 1:colcon.colcon_core.package_identification:_identify(robot_module/ros2_ws) by extension 'cmake'
[0.312s] Level 1:colcon.colcon_core.package_identification:_identify(robot_module/ros2_ws) by extension 'python'
[0.313s] Level 1:colcon.colcon_core.package_identification:_identify(robot_module/ros2_ws) by extensions ['python_setup_py']
[0.313s] Level 1:colcon.colcon_core.package_identification:_identify(robot_module/ros2_ws) by extension 'python_setup_py'
[0.313s] Level 1:colcon.colcon_core.package_identification:_identify(robot_module/ros2_ws/build) by extensions ['ignore', 'ignore_ament_install']
[0.313s] Level 1:colcon.colcon_core.package_identification:_identify(robot_module/ros2_ws/build) by extension 'ignore'
[0.313s] Level 1:colcon.colcon_core.package_identification:_identify(robot_module/ros2_ws/build) ignored
[0.313s] Level 1:colcon.colcon_core.package_identification:_identify(robot_module/ros2_ws/install) by extensions ['ignore', 'ignore_ament_install']
[0.313s] Level 1:colcon.colcon_core.package_identification:_identify(robot_module/ros2_ws/install) by extension 'ignore'
[0.313s] Level 1:colcon.colcon_core.package_identification:_identify(robot_module/ros2_ws/install) ignored
[0.313s] Level 1:colcon.colcon_core.package_identification:_identify(robot_module/ros2_ws/log) by extensions ['ignore', 'ignore_ament_install']
[0.313s] Level 1:colcon.colcon_core.package_identification:_identify(robot_module/ros2_ws/log) by extension 'ignore'
[0.313s] Level 1:colcon.colcon_core.package_identification:_identify(robot_module/ros2_ws/log) ignored
[0.313s] Level 1:colcon.colcon_core.package_identification:_identify(robot_module/ros2_ws/src) by extensions ['ignore', 'ignore_ament_install']
[0.313s] Level 1:colcon.colcon_core.package_identification:_identify(robot_module/ros2_ws/src) by extension 'ignore'
[0.313s] Level 1:colcon.colcon_core.package_identification:_identify(robot_module/ros2_ws/src) by extension 'ignore_ament_install'
[0.313s] Level 1:colcon.colcon_core.package_identification:_identify(robot_module/ros2_ws/src) by extensions ['colcon_pkg']
[0.313s] Level 1:colcon.colcon_core.package_identification:_identify(robot_module/ros2_ws/src) by extension 'colcon_pkg'
[0.313s] Level 1:colcon.colcon_core.package_identification:_identify(robot_module/ros2_ws/src) by extensions ['colcon_meta']
[0.314s] Level 1:colcon.colcon_core.package_identification:_identify(robot_module/ros2_ws/src) by extension 'colcon_meta'
[0.314s] Level 1:colcon.colcon_core.package_identification:_identify(robot_module/ros2_ws/src) by extensions ['ros']
[0.314s] Level 1:colcon.colcon_core.package_identification:_identify(robot_module/ros2_ws/src) by extension 'ros'
[0.314s] Level 1:colcon.colcon_core.package_identification:_identify(robot_module/ros2_ws/src) by extensions ['cmake', 'python']
[0.314s] Level 1:colcon.colcon_core.package_identification:_identify(robot_module/ros2_ws/src) by extension 'cmake'
[0.314s] Level 1:colcon.colcon_core.package_identification:_identify(robot_module/ros2_ws/src) by extension 'python'
[0.314s] Level 1:colcon.colcon_core.package_identification:_identify(robot_module/ros2_ws/src) by extensions ['python_setup_py']
[0.314s] Level 1:colcon.colcon_core.package_identification:_identify(robot_module/ros2_ws/src) by extension 'python_setup_py'
[0.314s] Level 1:colcon.colcon_core.package_identification:_identify(robot_module/ros2_ws/src/gesture_robot) by extensions ['ignore', 'ignore_ament_install']
[0.314s] Level 1:colcon.colcon_core.package_identification:_identify(robot_module/ros2_ws/src/gesture_robot) by extension 'ignore'
[0.314s] Level 1:colcon.colcon_core.package_identification:_identify(robot_module/ros2_ws/src/gesture_robot) by extension 'ignore_ament_install'
[0.314s] Level 1:colcon.colcon_core.package_identification:_identify(robot_module/ros2_ws/src/gesture_robot) by extensions ['colcon_pkg']
[0.314s] Level 1:colcon.colcon_core.package_identification:_identify(robot_module/ros2_ws/src/gesture_robot) by extension 'colcon_pkg'
[0.314s] Level 1:colcon.colcon_core.package_identification:_identify(robot_module/ros2_ws/src/gesture_robot) by extensions ['colcon_meta']
[0.314s] Level 1:colcon.colcon_core.package_identification:_identify(robot_module/ros2_ws/src/gesture_robot) by extension 'colcon_meta'
[0.314s] Level 1:colcon.colcon_core.package_identification:_identify(robot_module/ros2_ws/src/gesture_robot) by extensions ['ros']
[0.314s] Level 1:colcon.colcon_core.package_identification:_identify(robot_module/ros2_ws/src/gesture_robot) by extension 'ros'
[0.318s] DEBUG:colcon.colcon_core.package_identification:Package 'robot_module/ros2_ws/src/gesture_robot' with type 'ros.ament_cmake' and name 'gesture_robot'
[0.319s] Level 1:colcon.colcon_core.package_identification:_identify(shared) by extensions ['ignore', 'ignore_ament_install']
[0.319s] Level 1:colcon.colcon_core.package_identification:_identify(shared) by extension 'ignore'
[0.319s] Level 1:colcon.colcon_core.package_identification:_identify(shared) by extension 'ignore_ament_install'
[0.319s] Level 1:colcon.colcon_core.package_identification:_identify(shared) by extensions ['colcon_pkg']
[0.319s] Level 1:colcon.colcon_core.package_identification:_identify(shared) by extension 'colcon_pkg'
[0.319s] Level 1:colcon.colcon_core.package_identification:_identify(shared) by extensions ['colcon_meta']
[0.319s] Level 1:colcon.colcon_core.package_identification:_identify(shared) by extension 'colcon_meta'
[0.319s] Level 1:colcon.colcon_core.package_identification:_identify(shared) by extensions ['ros']
[0.319s] Level 1:colcon.colcon_core.package_identification:_identify(shared) by extension 'ros'
[0.319s] Level 1:colcon.colcon_core.package_identification:_identify(shared) by extensions ['cmake', 'python']
[0.319s] Level 1:colcon.colcon_core.package_identification:_identify(shared) by extension 'cmake'
[0.319s] Level 1:colcon.colcon_core.package_identification:_identify(shared) by extension 'python'
[0.319s] Level 1:colcon.colcon_core.package_identification:_identify(shared) by extensions ['python_setup_py']
[0.319s] Level 1:colcon.colcon_core.package_identification:_identify(shared) by extension 'python_setup_py'
[0.319s] Level 1:colcon.colcon_core.package_identification:_identify(shared/__pycache__) by extensions ['ignore', 'ignore_ament_install']
[0.319s] Level 1:colcon.colcon_core.package_identification:_identify(shared/__pycache__) by extension 'ignore'
[0.319s] Level 1:colcon.colcon_core.package_identification:_identify(shared/__pycache__) by extension 'ignore_ament_install'
[0.319s] Level 1:colcon.colcon_core.package_identification:_identify(shared/__pycache__) by extensions ['colcon_pkg']
[0.320s] Level 1:colcon.colcon_core.package_identification:_identify(shared/__pycache__) by extension 'colcon_pkg'
[0.320s] Level 1:colcon.colcon_core.package_identification:_identify(shared/__pycache__) by extensions ['colcon_meta']
[0.320s] Level 1:colcon.colcon_core.package_identification:_identify(shared/__pycache__) by extension 'colcon_meta'
[0.320s] Level 1:colcon.colcon_core.package_identification:_identify(shared/__pycache__) by extensions ['ros']
[0.320s] Level 1:colcon.colcon_core.package_identification:_identify(shared/__pycache__) by extension 'ros'
[0.320s] Level 1:colcon.colcon_core.package_identification:_identify(shared/__pycache__) by extensions ['cmake', 'python']
[0.320s] Level 1:colcon.colcon_core.package_identification:_identify(shared/__pycache__) by extension 'cmake'
[0.320s] Level 1:colcon.colcon_core.package_identification:_identify(shared/__pycache__) by extension 'python'
[0.320s] Level 1:colcon.colcon_core.package_identification:_identify(shared/__pycache__) by extensions ['python_setup_py']
[0.320s] Level 1:colcon.colcon_core.package_identification:_identify(shared/__pycache__) by extension 'python_setup_py'
[0.320s] Level 1:colcon.colcon_core.package_discovery:discover_packages(recursive) using defaults
[0.320s] Level 1:colcon.colcon_core.package_discovery:discover_packages(ignore) discover
[0.320s] Level 1:colcon.colcon_core.package_discovery:discover_packages(ignore) using defaults
[0.320s] Level 1:colcon.colcon_core.package_discovery:discover_packages(path) discover
[0.320s] Level 1:colcon.colcon_core.package_discovery:discover_packages(path) using defaults
[0.352s] Level 1:colcon.colcon_core.package_discovery:discover_packages(prefix_path) check parameters
[0.352s] Level 1:colcon.colcon_core.package_discovery:discover_packages(prefix_path) discover
[0.354s] DEBUG:colcon.colcon_installed_package_information.package_discovery:Found 1 installed packages in /home/carmelo/Documenti/gesture-driven-robot/robot_module/ros2_ws/install
[0.356s] DEBUG:colcon.colcon_installed_package_information.package_discovery:Found 324 installed packages in /opt/ros/humble
[0.358s] Level 1:colcon.colcon_core.package_discovery:discover_packages(prefix_path) using defaults
[0.404s] Level 5:colcon.colcon_core.verb:set package 'gesture_robot' build argument 'cmake_args' from command line to 'None'
[0.404s] Level 5:colcon.colcon_core.verb:set package 'gesture_robot' build argument 'cmake_target' from command line to 'None'
[0.404s] Level 5:colcon.colcon_core.verb:set package 'gesture_robot' build argument 'cmake_target_skip_unavailable' from command line to 'False'
[0.404s] Level 5:colcon.colcon_core.verb:set package 'gesture_robot' build argument 'cmake_clean_cache' from command line to 'False'
[0.404s] Level 5:colcon.colcon_core.verb:set package 'gesture_robot' build argument 'cmake_clean_first' from command line to 'False'
[0.404s] Level 5:colcon.colcon_core.verb:set package 'gesture_robot' build argument 'cmake_force_configure' from command line to 'False'
[0.404s] Level 5:colcon.colcon_core.verb:set package 'gesture_robot' build argument 'ament_cmake_args' from command line to 'None'
[0.404s] Level 5:colcon.colcon_core.verb:set package 'gesture_robot' build argument 'catkin_cmake_args' from command line to 'None'
[0.404s] Level 5:colcon.colcon_core.verb:set package 'gesture_robot' build argument 'catkin_skip_building_tests' from command line to 'False'
[0.404s] DEBUG:colcon.colcon_core.verb:Building package 'gesture_robot' with the following arguments: {'ament_cmake_args': None, 'build_base': '/home/carmelo/Documenti/gesture-driven-robot/build/gesture_robot', 'catkin_cmake_args': None, 'catkin_skip_building_tests': False, 'cmake_args': None, 'cmake_clean_cache': False, 'cmake_clean_first': False, 'cmake_force_configure': False, 'cmake_target': None, 'cmake_target_skip_unavailable': False, 'install_base': '/home/carmelo/Documenti/gesture-driven-robot/install/gesture_robot', 'merge_install': False, 'path': '/home/carmelo/Documenti/gesture-driven-robot/robot_module/ros2_ws/src/gesture_robot', 'symlink_install': False, 'test_result_base': None}
[0.404s] INFO:colcon.colcon_core.executor:Executing jobs using 'parallel' executor
[0.405s] DEBUG:colcon.colcon_parallel_executor.executor.parallel:run_until_complete
[0.405s] INFO:colcon.colcon_ros.task.ament_cmake.build:Building ROS package in '/home/carmelo/Documenti/gesture-driven-robot/robot_module/ros2_ws/src/gesture_robot' with build type 'ament_cmake'
[0.405s] INFO:colcon.colcon_cmake.task.cmake.build:Building CMake package in '/home/carmelo/Documenti/gesture-driven-robot/robot_module/ros2_ws/src/gesture_robot'
[0.408s] INFO:colcon.colcon_core.plugin_system:Skipping extension 'colcon_core.shell.bat': Not used on non-Windows systems
[0.408s] INFO:colcon.colcon_core.shell:Skip shell extension 'powershell' for command environment: Not usable outside of PowerShell
[0.408s] DEBUG:colcon.colcon_core.shell:Skip shell extension 'dsv' for command environment
[0.410s] DEBUG:colcon.colcon_core.shell:Ignoring prefix path '/home/carmelo/catkin_ws/devel'
[0.414s] DEBUG:colcon.colcon_core.event_handler.log_command:Invoking command in '/home/carmelo/Documenti/gesture-driven-robot/build/gesture_robot': CMAKE_PREFIX_PATH=/home/carmelo/Documenti/gesture-driven-robot/robot_module/ros2_ws/install/gesture_robot:/opt/ros/humble:/home/carmelo/catkin_ws/devel /usr/bin/cmake /home/carmelo/Documenti/gesture-driven-robot/robot_module/ros2_ws/src/gesture_robot -DCMAKE_INSTALL_PREFIX=/home/carmelo/Documenti/gesture-driven-robot/install/gesture_robot
[1.230s] DEBUG:colcon.colcon_core.event_handler.log_command:Invoked command in '/home/carmelo/Documenti/gesture-driven-robot/build/gesture_robot' returned '0': CMAKE_PREFIX_PATH=/home/carmelo/Documenti/gesture-driven-robot/robot_module/ros2_ws/install/gesture_robot:/opt/ros/humble:/home/carmelo/catkin_ws/devel /usr/bin/cmake /home/carmelo/Documenti/gesture-driven-robot/robot_module/ros2_ws/src/gesture_robot -DCMAKE_INSTALL_PREFIX=/home/carmelo/Documenti/gesture-driven-robot/install/gesture_robot
[1.233s] DEBUG:colcon.colcon_core.event_handler.log_command:Invoking command in '/home/carmelo/Documenti/gesture-driven-robot/build/gesture_robot': CMAKE_PREFIX_PATH=/home/carmelo/Documenti/gesture-driven-robot/robot_module/ros2_ws/install/gesture_robot:/opt/ros/humble:/home/carmelo/catkin_ws/devel /usr/bin/cmake --build /home/carmelo/Documenti/gesture-driven-robot/build/gesture_robot -- -j8 -l8
[1.281s] DEBUG:colcon.colcon_core.event_handler.log_command:Invoked command in '/home/carmelo/Documenti/gesture-driven-robot/build/gesture_robot' returned '0': CMAKE_PREFIX_PATH=/home/carmelo/Documenti/gesture-driven-robot/robot_module/ros2_ws/install/gesture_robot:/opt/ros/humble:/home/carmelo/catkin_ws/devel /usr/bin/cmake --build /home/carmelo/Documenti/gesture-driven-robot/build/gesture_robot -- -j8 -l8
[1.295s] DEBUG:colcon.colcon_core.event_handler.log_command:Invoking command in '/home/carmelo/Documenti/gesture-driven-robot/build/gesture_robot': CMAKE_PREFIX_PATH=/home/carmelo/Documenti/gesture-driven-robot/robot_module/ros2_ws/install/gesture_robot:/opt/ros/humble:/home/carmelo/catkin_ws/devel /usr/bin/cmake --install /home/carmelo/Documenti/gesture-driven-robot/build/gesture_robot
[1.310s] Level 1:colcon.colcon_core.environment:create_environment_scripts_only(gesture_robot)
[1.311s] DEBUG:colcon.colcon_core.event_handler.log_command:Invoked command in '/home/carmelo/Documenti/gesture-driven-robot/build/gesture_robot' returned '0': CMAKE_PREFIX_PATH=/home/carmelo/Documenti/gesture-driven-robot/robot_module/ros2_ws/install/gesture_robot:/opt/ros/humble:/home/carmelo/catkin_ws/devel /usr/bin/cmake --install /home/carmelo/Documenti/gesture-driven-robot/build/gesture_robot
[1.313s] Level 1:colcon.colcon_core.environment:checking '/home/carmelo/Documenti/gesture-driven-robot/install/gesture_robot' for CMake module files
[1.314s] Level 1:colcon.colcon_core.environment:checking '/home/carmelo/Documenti/gesture-driven-robot/install/gesture_robot' for CMake config files
[1.314s] Level 1:colcon.colcon_core.shell:create_environment_hook('gesture_robot', 'cmake_prefix_path')
[1.315s] INFO:colcon.colcon_core.shell:Creating environment hook '/home/carmelo/Documenti/gesture-driven-robot/install/gesture_robot/share/gesture_robot/hook/cmake_prefix_path.ps1'
[1.315s] INFO:colcon.colcon_core.shell:Creating environment descriptor '/home/carmelo/Documenti/gesture-driven-robot/install/gesture_robot/share/gesture_robot/hook/cmake_prefix_path.dsv'
[1.316s] INFO:colcon.colcon_core.shell:Creating environment hook '/home/carmelo/Documenti/gesture-driven-robot/install/gesture_robot/share/gesture_robot/hook/cmake_prefix_path.sh'
[1.317s] Level 1:colcon.colcon_core.environment:checking '/home/carmelo/Documenti/gesture-driven-robot/install/gesture_robot/lib'
[1.317s] Level 1:colcon.colcon_core.environment:checking '/home/carmelo/Documenti/gesture-driven-robot/install/gesture_robot/bin'
[1.317s] Level 1:colcon.colcon_core.environment:checking '/home/carmelo/Documenti/gesture-driven-robot/install/gesture_robot/lib/pkgconfig/gesture_robot.pc'
[1.317s] Level 1:colcon.colcon_core.environment:checking '/home/carmelo/Documenti/gesture-driven-robot/install/gesture_robot/lib/python3.10/site-packages'
[1.318s] Level 1:colcon.colcon_core.environment:checking '/home/carmelo/Documenti/gesture-driven-robot/install/gesture_robot/bin'
[1.318s] INFO:colcon.colcon_core.shell:Creating package script '/home/carmelo/Documenti/gesture-driven-robot/install/gesture_robot/share/gesture_robot/package.ps1'
[1.319s] INFO:colcon.colcon_core.shell:Creating package descriptor '/home/carmelo/Documenti/gesture-driven-robot/install/gesture_robot/share/gesture_robot/package.dsv'
[1.320s] INFO:colcon.colcon_core.shell:Creating package script '/home/carmelo/Documenti/gesture-driven-robot/install/gesture_robot/share/gesture_robot/package.sh'
[1.321s] INFO:colcon.colcon_core.shell:Creating package script '/home/carmelo/Documenti/gesture-driven-robot/install/gesture_robot/share/gesture_robot/package.bash'
[1.322s] INFO:colcon.colcon_core.shell:Creating package script '/home/carmelo/Documenti/gesture-driven-robot/install/gesture_robot/share/gesture_robot/package.zsh'
[1.322s] Level 1:colcon.colcon_core.environment:create_file_with_runtime_dependencies(/home/carmelo/Documenti/gesture-driven-robot/install/gesture_robot/share/colcon-core/packages/gesture_robot)
[1.323s] Level 1:colcon.colcon_core.environment:create_environment_scripts_only(gesture_robot)
[1.323s] Level 1:colcon.colcon_core.environment:checking '/home/carmelo/Documenti/gesture-driven-robot/install/gesture_robot' for CMake module files
[1.324s] Level 1:colcon.colcon_core.environment:checking '/home/carmelo/Documenti/gesture-driven-robot/install/gesture_robot' for CMake config files
[1.324s] Level 1:colcon.colcon_core.shell:create_environment_hook('gesture_robot', 'cmake_prefix_path')
[1.324s] INFO:colcon.colcon_core.shell:Creating environment hook '/home/carmelo/Documenti/gesture-driven-robot/install/gesture_robot/share/gesture_robot/hook/cmake_prefix_path.ps1'
[1.325s] INFO:colcon.colcon_core.shell:Creating environment descriptor '/home/carmelo/Documenti/gesture-driven-robot/install/gesture_robot/share/gesture_robot/hook/cmake_prefix_path.dsv'
[1.325s] INFO:colcon.colcon_core.shell:Creating environment hook '/home/carmelo/Documenti/gesture-driven-robot/install/gesture_robot/share/gesture_robot/hook/cmake_prefix_path.sh'
[1.326s] Level 1:colcon.colcon_core.environment:checking '/home/carmelo/Documenti/gesture-driven-robot/install/gesture_robot/lib'
[1.326s] Level 1:colcon.colcon_core.environment:checking '/home/carmelo/Documenti/gesture-driven-robot/install/gesture_robot/bin'
[1.326s] Level 1:colcon.colcon_core.environment:checking '/home/carmelo/Documenti/gesture-driven-robot/install/gesture_robot/lib/pkgconfig/gesture_robot.pc'
[1.326s] Level 1:colcon.colcon_core.environment:checking '/home/carmelo/Documenti/gesture-driven-robot/install/gesture_robot/lib/python3.10/site-packages'
[1.327s] Level 1:colcon.colcon_core.environment:checking '/home/carmelo/Documenti/gesture-driven-robot/install/gesture_robot/bin'
[1.327s] INFO:colcon.colcon_core.shell:Creating package script '/home/carmelo/Documenti/gesture-driven-robot/install/gesture_robot/share/gesture_robot/package.ps1'
[1.328s] INFO:colcon.colcon_core.shell:Creating package descriptor '/home/carmelo/Documenti/gesture-driven-robot/install/gesture_robot/share/gesture_robot/package.dsv'
[1.328s] INFO:colcon.colcon_core.shell:Creating package script '/home/carmelo/Documenti/gesture-driven-robot/install/gesture_robot/share/gesture_robot/package.sh'
[1.329s] INFO:colcon.colcon_core.shell:Creating package script '/home/carmelo/Documenti/gesture-driven-robot/install/gesture_robot/share/gesture_robot/package.bash'
[1.329s] INFO:colcon.colcon_core.shell:Creating package script '/home/carmelo/Documenti/gesture-driven-robot/install/gesture_robot/share/gesture_robot/package.zsh'
[1.330s] Level 1:colcon.colcon_core.environment:create_file_with_runtime_dependencies(/home/carmelo/Documenti/gesture-driven-robot/install/gesture_robot/share/colcon-core/packages/gesture_robot)
[1.330s] DEBUG:colcon.colcon_parallel_executor.executor.parallel:closing loop
[1.330s] DEBUG:colcon.colcon_parallel_executor.executor.parallel:loop closed
[1.330s] DEBUG:colcon.colcon_parallel_executor.executor.parallel:run_until_complete finished with '0'
[1.330s] DEBUG:colcon.colcon_core.event_reactor:joining thread
[1.336s] INFO:colcon.colcon_core.plugin_system:Skipping extension 'colcon_notification.desktop_notification.terminal_notifier': Not used on non-Darwin systems
[1.336s] INFO:colcon.colcon_core.plugin_system:Skipping extension 'colcon_notification.desktop_notification.win32': Not used on non-Windows systems
[1.336s] INFO:colcon.colcon_notification.desktop_notification:Sending desktop notification using 'notify2'
[1.348s] DEBUG:colcon.colcon_core.event_reactor:joined thread
[1.349s] INFO:colcon.colcon_core.shell:Creating prefix script '/home/carmelo/Documenti/gesture-driven-robot/install/local_setup.ps1'
[1.351s] INFO:colcon.colcon_core.shell:Creating prefix util module '/home/carmelo/Documenti/gesture-driven-robot/install/_local_setup_util_ps1.py'
[1.354s] INFO:colcon.colcon_core.shell:Creating prefix chain script '/home/carmelo/Documenti/gesture-driven-robot/install/setup.ps1'
[1.356s] INFO:colcon.colcon_core.shell:Creating prefix script '/home/carmelo/Documenti/gesture-driven-robot/install/local_setup.sh'
[1.356s] INFO:colcon.colcon_core.shell:Creating prefix util module '/home/carmelo/Documenti/gesture-driven-robot/install/_local_setup_util_sh.py'
[1.357s] INFO:colcon.colcon_core.shell:Creating prefix chain script '/home/carmelo/Documenti/gesture-driven-robot/install/setup.sh'
[1.359s] INFO:colcon.colcon_core.shell:Creating prefix script '/home/carmelo/Documenti/gesture-driven-robot/install/local_setup.bash'
[1.359s] INFO:colcon.colcon_core.shell:Creating prefix chain script '/home/carmelo/Documenti/gesture-driven-robot/install/setup.bash'
[1.361s] INFO:colcon.colcon_core.shell:Creating prefix script '/home/carmelo/Documenti/gesture-driven-robot/install/local_setup.zsh'
[1.362s] INFO:colcon.colcon_core.shell:Creating prefix chain script '/home/carmelo/Documenti/gesture-driven-robot/install/setup.zsh'
