-- Install configuration: ""
-- Up-to-date: /home/carmelo/Documenti/gesture-driven-robot/install/gesture_robot/lib/gesture_robot/command_bridge.py
-- Up-to-date: /home/carmelo/Documenti/gesture-driven-robot/install/gesture_robot/share/gesture_robot/launch
-- Up-to-date: /home/carmelo/Documenti/gesture-driven-robot/install/gesture_robot/share/gesture_robot/launch/simulation.launch.py
-- Up-to-date: /home/carmelo/Documenti/gesture-driven-robot/install/gesture_robot/share/gesture_robot/urdf
-- Installing: /home/carmelo/Documenti/gesture-driven-robot/install/gesture_robot/share/gesture_robot/urdf/robot.urdf.xacro
-- Up-to-date: /home/carmelo/Documenti/gesture-driven-robot/install/gesture_robot/share/gesture_robot/worlds
-- Up-to-date: /home/carmelo/Documenti/gesture-driven-robot/install/gesture_robot/share/gesture_robot/worlds/simple_world.sdf
-- Up-to-date: /home/carmelo/Documenti/gesture-driven-robot/install/gesture_robot/share/ament_index/resource_index/package_run_dependencies/gesture_robot
-- Up-to-date: /home/carmelo/Documenti/gesture-driven-robot/install/gesture_robot/share/ament_index/resource_index/parent_prefix_path/gesture_robot
-- Up-to-date: /home/carmelo/Documenti/gesture-driven-robot/install/gesture_robot/share/gesture_robot/environment/ament_prefix_path.sh
-- Up-to-date: /home/carmelo/Documenti/gesture-driven-robot/install/gesture_robot/share/gesture_robot/environment/ament_prefix_path.dsv
-- Up-to-date: /home/carmelo/Documenti/gesture-driven-robot/install/gesture_robot/share/gesture_robot/environment/path.sh
-- Up-to-date: /home/carmelo/Documenti/gesture-driven-robot/install/gesture_robot/share/gesture_robot/environment/path.dsv
-- Up-to-date: /home/carmelo/Documenti/gesture-driven-robot/install/gesture_robot/share/gesture_robot/local_setup.bash
-- Up-to-date: /home/carmelo/Documenti/gesture-driven-robot/install/gesture_robot/share/gesture_robot/local_setup.sh
-- Up-to-date: /home/carmelo/Documenti/gesture-driven-robot/install/gesture_robot/share/gesture_robot/local_setup.zsh
-- Up-to-date: /home/carmelo/Documenti/gesture-driven-robot/install/gesture_robot/share/gesture_robot/local_setup.dsv
-- Up-to-date: /home/carmelo/Documenti/gesture-driven-robot/install/gesture_robot/share/gesture_robot/package.dsv
-- Up-to-date: /home/carmelo/Documenti/gesture-driven-robot/install/gesture_robot/share/ament_index/resource_index/packages/gesture_robot
-- Up-to-date: /home/carmelo/Documenti/gesture-driven-robot/install/gesture_robot/share/gesture_robot/cmake/gesture_robotConfig.cmake
-- Up-to-date: /home/carmelo/Documenti/gesture-driven-robot/install/gesture_robot/share/gesture_robot/cmake/gesture_robotConfig-version.cmake
-- Up-to-date: /home/carmelo/Documenti/gesture-driven-robot/install/gesture_robot/share/gesture_robot/package.xml
